State 1 conflicts: 1 shift/reduce
State 32 conflicts: 1 shift/reduce
State 34 conflicts: 1 shift/reduce


Grammar

    0 $accept: program $end

    1 program: exp

    2 exp: lvalue
    3    | NIL
    4    | INT
    5    | STRING
    6    | LPAREN RPAREN
    7    | LPAREN sequencing RPAREN
    8    | LPAREN exp RPAREN
    9    | ID LPAREN actuals RPAREN
   10    | ID LPAREN RPAREN
   11    | ID LBRACE rec RBRACE
   12    | ID LBRACK exp RBRACK OF exp
   13    | lvalue ASSIGN exp
   14    | MINUS exp
   15    | exp PLUS exp
   16    | exp MINUS exp
   17    | exp TIMES exp
   18    | exp DIVIDE exp
   19    | exp EQ exp
   20    | exp NEQ exp
   21    | exp LT exp
   22    | exp LE exp
   23    | exp GT exp
   24    | exp GE exp
   25    | exp AND exp
   26    | exp OR exp
   27    | IF exp THEN exp ELSE exp
   28    | IF exp THEN exp
   29    | WHILE exp DO exp
   30    | FOR ID ASSIGN exp TO exp DO exp
   31    | BREAK
   32    | LET decs IN expseq END

   33 lvalue: ID
   34       | lvalue DOT ID
   35       | lvalue LBRACK exp RBRACK
   36       | ID LBRACK exp RBRACK

   37 expseq: %empty
   38       | exp
   39       | sequencing

   40 sequencing: exp SEMICOLON exp
   41           | exp SEMICOLON sequencing

   42 actuals: exp
   43        | exp COMMA actuals

   44 decs: %empty
   45     | dec decs

   46 dec: vardec
   47    | tydec
   48    | fundec

   49 vardec: VAR ID ASSIGN exp
   50       | VAR ID COLON ID ASSIGN exp

   51 tydec: tydec_one
   52      | tydec_one tydec

   53 tydec_one: TYPE ID EQ ty

   54 ty: ID
   55   | LBRACE tyfields RBRACE
   56   | ARRAY OF ID

   57 tyfields: %empty
   58         | tyfields_nonempty

   59 tyfields_nonempty: ID COLON ID
   60                  | ID COLON ID COMMA tyfields_nonempty

   61 fundec: fundec_one
   62       | fundec_one fundec

   63 fundec_one: FUNCTION ID LPAREN tyfields RPAREN EQ exp
   64           | FUNCTION ID LPAREN tyfields RPAREN COLON ID EQ exp

   65 rec: %empty
   66    | rec_nonempty

   67 rec_nonempty: rec_one
   68             | rec_one COMMA rec_nonempty

   69 rec_one: ID EQ exp


Terminals, with rules where they appear

$end (0) 0
error (256)
ID (258) 9 10 11 12 30 33 34 36 49 50 53 54 56 59 60 63 64 69
STRING (259) 5
INT (260) 4
COMMA (261) 43 60 68
COLON (262) 50 59 60 64
SEMICOLON (263) 40 41
LPAREN (264) 6 7 8 9 10 63 64
RPAREN (265) 6 7 8 9 10 63 64
LBRACK (266) 12 35 36
RBRACK (267) 12 35 36
LBRACE (268) 11 55
RBRACE (269) 11 55
DOT (270) 34
PLUS (271) 15
MINUS (272) 14 16
TIMES (273) 17
DIVIDE (274) 18
EQ (275) 19 53 63 64 69
NEQ (276) 20
LT (277) 21
LE (278) 22
GT (279) 23
GE (280) 24
AND (281) 25
OR (282) 26
ASSIGN (283) 13 30 49 50
ARRAY (284) 56
IF (285) 27 28
THEN (286) 27 28
ELSE (287) 27
WHILE (288) 29
FOR (289) 30
TO (290) 30
DO (291) 29 30
LET (292) 32
IN (293) 32
END (294) 32
OF (295) 12 56
BREAK (296) 31
NIL (297) 3
FUNCTION (298) 63 64
VAR (299) 49 50
TYPE (300) 53
UMINUS (301)


Nonterminals, with rules where they appear

$accept (47)
    on left: 0
program (48)
    on left: 1, on right: 0
exp (49)
    on left: 2 3 4 5 6 7 8 9 10 11 12 13 14 15 16 17 18 19 20 21 22
    23 24 25 26 27 28 29 30 31 32, on right: 1 8 12 13 14 15 16 17
    18 19 20 21 22 23 24 25 26 27 28 29 30 35 36 38 40 41 42 43 49
    50 63 64 69
lvalue (50)
    on left: 33 34 35 36, on right: 2 13 34 35
expseq (51)
    on left: 37 38 39, on right: 32
sequencing (52)
    on left: 40 41, on right: 7 39 41
actuals (53)
    on left: 42 43, on right: 9 43
decs (54)
    on left: 44 45, on right: 32 45
dec (55)
    on left: 46 47 48, on right: 45
vardec (56)
    on left: 49 50, on right: 46
tydec (57)
    on left: 51 52, on right: 47 52
tydec_one (58)
    on left: 53, on right: 51 52
ty (59)
    on left: 54 55 56, on right: 53
tyfields (60)
    on left: 57 58, on right: 55 63 64
tyfields_nonempty (61)
    on left: 59 60, on right: 58 60
fundec (62)
    on left: 61 62, on right: 48 62
fundec_one (63)
    on left: 63 64, on right: 61 62
rec (64)
    on left: 65 66, on right: 11
rec_nonempty (65)
    on left: 67 68, on right: 66 68
rec_one (66)
    on left: 69, on right: 67 68


State 0

    0 $accept: . program $end

    ID      shift, and go to state 1
    STRING  shift, and go to state 2
    INT     shift, and go to state 3
    LPAREN  shift, and go to state 4
    MINUS   shift, and go to state 5
    IF      shift, and go to state 6
    WHILE   shift, and go to state 7
    FOR     shift, and go to state 8
    LET     shift, and go to state 9
    BREAK   shift, and go to state 10
    NIL     shift, and go to state 11

    program  go to state 12
    exp      go to state 13
    lvalue   go to state 14


State 1

    9 exp: ID . LPAREN actuals RPAREN
   10    | ID . LPAREN RPAREN
   11    | ID . LBRACE rec RBRACE
   12    | ID . LBRACK exp RBRACK OF exp
   33 lvalue: ID .
   36       | ID . LBRACK exp RBRACK

    LPAREN  shift, and go to state 15
    LBRACK  shift, and go to state 16
    LBRACE  shift, and go to state 17

    LBRACK    [reduce using rule 33 (lvalue)]
    $default  reduce using rule 33 (lvalue)


State 2

    5 exp: STRING .

    $default  reduce using rule 5 (exp)


State 3

    4 exp: INT .

    $default  reduce using rule 4 (exp)


State 4

    6 exp: LPAREN . RPAREN
    7    | LPAREN . sequencing RPAREN
    8    | LPAREN . exp RPAREN

    ID      shift, and go to state 1
    STRING  shift, and go to state 2
    INT     shift, and go to state 3
    LPAREN  shift, and go to state 4
    RPAREN  shift, and go to state 18
    MINUS   shift, and go to state 5
    IF      shift, and go to state 6
    WHILE   shift, and go to state 7
    FOR     shift, and go to state 8
    LET     shift, and go to state 9
    BREAK   shift, and go to state 10
    NIL     shift, and go to state 11

    exp         go to state 19
    lvalue      go to state 14
    sequencing  go to state 20


State 5

   14 exp: MINUS . exp

    ID      shift, and go to state 1
    STRING  shift, and go to state 2
    INT     shift, and go to state 3
    LPAREN  shift, and go to state 4
    MINUS   shift, and go to state 5
    IF      shift, and go to state 6
    WHILE   shift, and go to state 7
    FOR     shift, and go to state 8
    LET     shift, and go to state 9
    BREAK   shift, and go to state 10
    NIL     shift, and go to state 11

    exp     go to state 21
    lvalue  go to state 14


State 6

   27 exp: IF . exp THEN exp ELSE exp
   28    | IF . exp THEN exp

    ID      shift, and go to state 1
    STRING  shift, and go to state 2
    INT     shift, and go to state 3
    LPAREN  shift, and go to state 4
    MINUS   shift, and go to state 5
    IF      shift, and go to state 6
    WHILE   shift, and go to state 7
    FOR     shift, and go to state 8
    LET     shift, and go to state 9
    BREAK   shift, and go to state 10
    NIL     shift, and go to state 11

    exp     go to state 22
    lvalue  go to state 14


State 7

   29 exp: WHILE . exp DO exp

    ID      shift, and go to state 1
    STRING  shift, and go to state 2
    INT     shift, and go to state 3
    LPAREN  shift, and go to state 4
    MINUS   shift, and go to state 5
    IF      shift, and go to state 6
    WHILE   shift, and go to state 7
    FOR     shift, and go to state 8
    LET     shift, and go to state 9
    BREAK   shift, and go to state 10
    NIL     shift, and go to state 11

    exp     go to state 23
    lvalue  go to state 14


State 8

   30 exp: FOR . ID ASSIGN exp TO exp DO exp

    ID  shift, and go to state 24


State 9

   32 exp: LET . decs IN expseq END

    FUNCTION  shift, and go to state 25
    VAR       shift, and go to state 26
    TYPE      shift, and go to state 27

    $default  reduce using rule 44 (decs)

    decs        go to state 28
    dec         go to state 29
    vardec      go to state 30
    tydec       go to state 31
    tydec_one   go to state 32
    fundec      go to state 33
    fundec_one  go to state 34


State 10

   31 exp: BREAK .

    $default  reduce using rule 31 (exp)


State 11

    3 exp: NIL .

    $default  reduce using rule 3 (exp)


State 12

    0 $accept: program . $end

    $end  shift, and go to state 35


State 13

    1 program: exp .
   15 exp: exp . PLUS exp
   16    | exp . MINUS exp
   17    | exp . TIMES exp
   18    | exp . DIVIDE exp
   19    | exp . EQ exp
   20    | exp . NEQ exp
   21    | exp . LT exp
   22    | exp . LE exp
   23    | exp . GT exp
   24    | exp . GE exp
   25    | exp . AND exp
   26    | exp . OR exp

    PLUS    shift, and go to state 36
    MINUS   shift, and go to state 37
    TIMES   shift, and go to state 38
    DIVIDE  shift, and go to state 39
    EQ      shift, and go to state 40
    NEQ     shift, and go to state 41
    LT      shift, and go to state 42
    LE      shift, and go to state 43
    GT      shift, and go to state 44
    GE      shift, and go to state 45
    AND     shift, and go to state 46
    OR      shift, and go to state 47

    $default  reduce using rule 1 (program)


State 14

    2 exp: lvalue .
   13    | lvalue . ASSIGN exp
   34 lvalue: lvalue . DOT ID
   35       | lvalue . LBRACK exp RBRACK

    LBRACK  shift, and go to state 48
    DOT     shift, and go to state 49
    ASSIGN  shift, and go to state 50

    $default  reduce using rule 2 (exp)


State 15

    9 exp: ID LPAREN . actuals RPAREN
   10    | ID LPAREN . RPAREN

    ID      shift, and go to state 1
    STRING  shift, and go to state 2
    INT     shift, and go to state 3
    LPAREN  shift, and go to state 4
    RPAREN  shift, and go to state 51
    MINUS   shift, and go to state 5
    IF      shift, and go to state 6
    WHILE   shift, and go to state 7
    FOR     shift, and go to state 8
    LET     shift, and go to state 9
    BREAK   shift, and go to state 10
    NIL     shift, and go to state 11

    exp      go to state 52
    lvalue   go to state 14
    actuals  go to state 53


State 16

   12 exp: ID LBRACK . exp RBRACK OF exp
   36 lvalue: ID LBRACK . exp RBRACK

    ID      shift, and go to state 1
    STRING  shift, and go to state 2
    INT     shift, and go to state 3
    LPAREN  shift, and go to state 4
    MINUS   shift, and go to state 5
    IF      shift, and go to state 6
    WHILE   shift, and go to state 7
    FOR     shift, and go to state 8
    LET     shift, and go to state 9
    BREAK   shift, and go to state 10
    NIL     shift, and go to state 11

    exp     go to state 54
    lvalue  go to state 14


State 17

   11 exp: ID LBRACE . rec RBRACE

    ID  shift, and go to state 55

    $default  reduce using rule 65 (rec)

    rec           go to state 56
    rec_nonempty  go to state 57
    rec_one       go to state 58


State 18

    6 exp: LPAREN RPAREN .

    $default  reduce using rule 6 (exp)


State 19

    8 exp: LPAREN exp . RPAREN
   15    | exp . PLUS exp
   16    | exp . MINUS exp
   17    | exp . TIMES exp
   18    | exp . DIVIDE exp
   19    | exp . EQ exp
   20    | exp . NEQ exp
   21    | exp . LT exp
   22    | exp . LE exp
   23    | exp . GT exp
   24    | exp . GE exp
   25    | exp . AND exp
   26    | exp . OR exp
   40 sequencing: exp . SEMICOLON exp
   41           | exp . SEMICOLON sequencing

    SEMICOLON  shift, and go to state 59
    RPAREN     shift, and go to state 60
    PLUS       shift, and go to state 36
    MINUS      shift, and go to state 37
    TIMES      shift, and go to state 38
    DIVIDE     shift, and go to state 39
    EQ         shift, and go to state 40
    NEQ        shift, and go to state 41
    LT         shift, and go to state 42
    LE         shift, and go to state 43
    GT         shift, and go to state 44
    GE         shift, and go to state 45
    AND        shift, and go to state 46
    OR         shift, and go to state 47


State 20

    7 exp: LPAREN sequencing . RPAREN

    RPAREN  shift, and go to state 61


State 21

   14 exp: MINUS exp .
   15    | exp . PLUS exp
   16    | exp . MINUS exp
   17    | exp . TIMES exp
   18    | exp . DIVIDE exp
   19    | exp . EQ exp
   20    | exp . NEQ exp
   21    | exp . LT exp
   22    | exp . LE exp
   23    | exp . GT exp
   24    | exp . GE exp
   25    | exp . AND exp
   26    | exp . OR exp

    $default  reduce using rule 14 (exp)


State 22

   15 exp: exp . PLUS exp
   16    | exp . MINUS exp
   17    | exp . TIMES exp
   18    | exp . DIVIDE exp
   19    | exp . EQ exp
   20    | exp . NEQ exp
   21    | exp . LT exp
   22    | exp . LE exp
   23    | exp . GT exp
   24    | exp . GE exp
   25    | exp . AND exp
   26    | exp . OR exp
   27    | IF exp . THEN exp ELSE exp
   28    | IF exp . THEN exp

    PLUS    shift, and go to state 36
    MINUS   shift, and go to state 37
    TIMES   shift, and go to state 38
    DIVIDE  shift, and go to state 39
    EQ      shift, and go to state 40
    NEQ     shift, and go to state 41
    LT      shift, and go to state 42
    LE      shift, and go to state 43
    GT      shift, and go to state 44
    GE      shift, and go to state 45
    AND     shift, and go to state 46
    OR      shift, and go to state 47
    THEN    shift, and go to state 62


State 23

   15 exp: exp . PLUS exp
   16    | exp . MINUS exp
   17    | exp . TIMES exp
   18    | exp . DIVIDE exp
   19    | exp . EQ exp
   20    | exp . NEQ exp
   21    | exp . LT exp
   22    | exp . LE exp
   23    | exp . GT exp
   24    | exp . GE exp
   25    | exp . AND exp
   26    | exp . OR exp
   29    | WHILE exp . DO exp

    PLUS    shift, and go to state 36
    MINUS   shift, and go to state 37
    TIMES   shift, and go to state 38
    DIVIDE  shift, and go to state 39
    EQ      shift, and go to state 40
    NEQ     shift, and go to state 41
    LT      shift, and go to state 42
    LE      shift, and go to state 43
    GT      shift, and go to state 44
    GE      shift, and go to state 45
    AND     shift, and go to state 46
    OR      shift, and go to state 47
    DO      shift, and go to state 63


State 24

   30 exp: FOR ID . ASSIGN exp TO exp DO exp

    ASSIGN  shift, and go to state 64


State 25

   63 fundec_one: FUNCTION . ID LPAREN tyfields RPAREN EQ exp
   64           | FUNCTION . ID LPAREN tyfields RPAREN COLON ID EQ exp

    ID  shift, and go to state 65


State 26

   49 vardec: VAR . ID ASSIGN exp
   50       | VAR . ID COLON ID ASSIGN exp

    ID  shift, and go to state 66


State 27

   53 tydec_one: TYPE . ID EQ ty

    ID  shift, and go to state 67


State 28

   32 exp: LET decs . IN expseq END

    IN  shift, and go to state 68


State 29

   45 decs: dec . decs

    FUNCTION  shift, and go to state 25
    VAR       shift, and go to state 26
    TYPE      shift, and go to state 27

    $default  reduce using rule 44 (decs)

    decs        go to state 69
    dec         go to state 29
    vardec      go to state 30
    tydec       go to state 31
    tydec_one   go to state 32
    fundec      go to state 33
    fundec_one  go to state 34


State 30

   46 dec: vardec .

    $default  reduce using rule 46 (dec)


State 31

   47 dec: tydec .

    $default  reduce using rule 47 (dec)


State 32

   51 tydec: tydec_one .
   52      | tydec_one . tydec

    TYPE  shift, and go to state 27

    TYPE      [reduce using rule 51 (tydec)]
    $default  reduce using rule 51 (tydec)

    tydec      go to state 70
    tydec_one  go to state 32


State 33

   48 dec: fundec .

    $default  reduce using rule 48 (dec)


State 34

   61 fundec: fundec_one .
   62       | fundec_one . fundec

    FUNCTION  shift, and go to state 25

    FUNCTION  [reduce using rule 61 (fundec)]
    $default  reduce using rule 61 (fundec)

    fundec      go to state 71
    fundec_one  go to state 34


State 35

    0 $accept: program $end .

    $default  accept


State 36

   15 exp: exp PLUS . exp

    ID      shift, and go to state 1
    STRING  shift, and go to state 2
    INT     shift, and go to state 3
    LPAREN  shift, and go to state 4
    MINUS   shift, and go to state 5
    IF      shift, and go to state 6
    WHILE   shift, and go to state 7
    FOR     shift, and go to state 8
    LET     shift, and go to state 9
    BREAK   shift, and go to state 10
    NIL     shift, and go to state 11

    exp     go to state 72
    lvalue  go to state 14


State 37

   16 exp: exp MINUS . exp

    ID      shift, and go to state 1
    STRING  shift, and go to state 2
    INT     shift, and go to state 3
    LPAREN  shift, and go to state 4
    MINUS   shift, and go to state 5
    IF      shift, and go to state 6
    WHILE   shift, and go to state 7
    FOR     shift, and go to state 8
    LET     shift, and go to state 9
    BREAK   shift, and go to state 10
    NIL     shift, and go to state 11

    exp     go to state 73
    lvalue  go to state 14


State 38

   17 exp: exp TIMES . exp

    ID      shift, and go to state 1
    STRING  shift, and go to state 2
    INT     shift, and go to state 3
    LPAREN  shift, and go to state 4
    MINUS   shift, and go to state 5
    IF      shift, and go to state 6
    WHILE   shift, and go to state 7
    FOR     shift, and go to state 8
    LET     shift, and go to state 9
    BREAK   shift, and go to state 10
    NIL     shift, and go to state 11

    exp     go to state 74
    lvalue  go to state 14


State 39

   18 exp: exp DIVIDE . exp

    ID      shift, and go to state 1
    STRING  shift, and go to state 2
    INT     shift, and go to state 3
    LPAREN  shift, and go to state 4
    MINUS   shift, and go to state 5
    IF      shift, and go to state 6
    WHILE   shift, and go to state 7
    FOR     shift, and go to state 8
    LET     shift, and go to state 9
    BREAK   shift, and go to state 10
    NIL     shift, and go to state 11

    exp     go to state 75
    lvalue  go to state 14


State 40

   19 exp: exp EQ . exp

    ID      shift, and go to state 1
    STRING  shift, and go to state 2
    INT     shift, and go to state 3
    LPAREN  shift, and go to state 4
    MINUS   shift, and go to state 5
    IF      shift, and go to state 6
    WHILE   shift, and go to state 7
    FOR     shift, and go to state 8
    LET     shift, and go to state 9
    BREAK   shift, and go to state 10
    NIL     shift, and go to state 11

    exp     go to state 76
    lvalue  go to state 14


State 41

   20 exp: exp NEQ . exp

    ID      shift, and go to state 1
    STRING  shift, and go to state 2
    INT     shift, and go to state 3
    LPAREN  shift, and go to state 4
    MINUS   shift, and go to state 5
    IF      shift, and go to state 6
    WHILE   shift, and go to state 7
    FOR     shift, and go to state 8
    LET     shift, and go to state 9
    BREAK   shift, and go to state 10
    NIL     shift, and go to state 11

    exp     go to state 77
    lvalue  go to state 14


State 42

   21 exp: exp LT . exp

    ID      shift, and go to state 1
    STRING  shift, and go to state 2
    INT     shift, and go to state 3
    LPAREN  shift, and go to state 4
    MINUS   shift, and go to state 5
    IF      shift, and go to state 6
    WHILE   shift, and go to state 7
    FOR     shift, and go to state 8
    LET     shift, and go to state 9
    BREAK   shift, and go to state 10
    NIL     shift, and go to state 11

    exp     go to state 78
    lvalue  go to state 14


State 43

   22 exp: exp LE . exp

    ID      shift, and go to state 1
    STRING  shift, and go to state 2
    INT     shift, and go to state 3
    LPAREN  shift, and go to state 4
    MINUS   shift, and go to state 5
    IF      shift, and go to state 6
    WHILE   shift, and go to state 7
    FOR     shift, and go to state 8
    LET     shift, and go to state 9
    BREAK   shift, and go to state 10
    NIL     shift, and go to state 11

    exp     go to state 79
    lvalue  go to state 14


State 44

   23 exp: exp GT . exp

    ID      shift, and go to state 1
    STRING  shift, and go to state 2
    INT     shift, and go to state 3
    LPAREN  shift, and go to state 4
    MINUS   shift, and go to state 5
    IF      shift, and go to state 6
    WHILE   shift, and go to state 7
    FOR     shift, and go to state 8
    LET     shift, and go to state 9
    BREAK   shift, and go to state 10
    NIL     shift, and go to state 11

    exp     go to state 80
    lvalue  go to state 14


State 45

   24 exp: exp GE . exp

    ID      shift, and go to state 1
    STRING  shift, and go to state 2
    INT     shift, and go to state 3
    LPAREN  shift, and go to state 4
    MINUS   shift, and go to state 5
    IF      shift, and go to state 6
    WHILE   shift, and go to state 7
    FOR     shift, and go to state 8
    LET     shift, and go to state 9
    BREAK   shift, and go to state 10
    NIL     shift, and go to state 11

    exp     go to state 81
    lvalue  go to state 14


State 46

   25 exp: exp AND . exp

    ID      shift, and go to state 1
    STRING  shift, and go to state 2
    INT     shift, and go to state 3
    LPAREN  shift, and go to state 4
    MINUS   shift, and go to state 5
    IF      shift, and go to state 6
    WHILE   shift, and go to state 7
    FOR     shift, and go to state 8
    LET     shift, and go to state 9
    BREAK   shift, and go to state 10
    NIL     shift, and go to state 11

    exp     go to state 82
    lvalue  go to state 14


State 47

   26 exp: exp OR . exp

    ID      shift, and go to state 1
    STRING  shift, and go to state 2
    INT     shift, and go to state 3
    LPAREN  shift, and go to state 4
    MINUS   shift, and go to state 5
    IF      shift, and go to state 6
    WHILE   shift, and go to state 7
    FOR     shift, and go to state 8
    LET     shift, and go to state 9
    BREAK   shift, and go to state 10
    NIL     shift, and go to state 11

    exp     go to state 83
    lvalue  go to state 14


State 48

   35 lvalue: lvalue LBRACK . exp RBRACK

    ID      shift, and go to state 1
    STRING  shift, and go to state 2
    INT     shift, and go to state 3
    LPAREN  shift, and go to state 4
    MINUS   shift, and go to state 5
    IF      shift, and go to state 6
    WHILE   shift, and go to state 7
    FOR     shift, and go to state 8
    LET     shift, and go to state 9
    BREAK   shift, and go to state 10
    NIL     shift, and go to state 11

    exp     go to state 84
    lvalue  go to state 14


State 49

   34 lvalue: lvalue DOT . ID

    ID  shift, and go to state 85


State 50

   13 exp: lvalue ASSIGN . exp

    ID      shift, and go to state 1
    STRING  shift, and go to state 2
    INT     shift, and go to state 3
    LPAREN  shift, and go to state 4
    MINUS   shift, and go to state 5
    IF      shift, and go to state 6
    WHILE   shift, and go to state 7
    FOR     shift, and go to state 8
    LET     shift, and go to state 9
    BREAK   shift, and go to state 10
    NIL     shift, and go to state 11

    exp     go to state 86
    lvalue  go to state 14


State 51

   10 exp: ID LPAREN RPAREN .

    $default  reduce using rule 10 (exp)


State 52

   15 exp: exp . PLUS exp
   16    | exp . MINUS exp
   17    | exp . TIMES exp
   18    | exp . DIVIDE exp
   19    | exp . EQ exp
   20    | exp . NEQ exp
   21    | exp . LT exp
   22    | exp . LE exp
   23    | exp . GT exp
   24    | exp . GE exp
   25    | exp . AND exp
   26    | exp . OR exp
   42 actuals: exp .
   43        | exp . COMMA actuals

    COMMA   shift, and go to state 87
    PLUS    shift, and go to state 36
    MINUS   shift, and go to state 37
    TIMES   shift, and go to state 38
    DIVIDE  shift, and go to state 39
    EQ      shift, and go to state 40
    NEQ     shift, and go to state 41
    LT      shift, and go to state 42
    LE      shift, and go to state 43
    GT      shift, and go to state 44
    GE      shift, and go to state 45
    AND     shift, and go to state 46
    OR      shift, and go to state 47

    $default  reduce using rule 42 (actuals)


State 53

    9 exp: ID LPAREN actuals . RPAREN

    RPAREN  shift, and go to state 88


State 54

   12 exp: ID LBRACK exp . RBRACK OF exp
   15    | exp . PLUS exp
   16    | exp . MINUS exp
   17    | exp . TIMES exp
   18    | exp . DIVIDE exp
   19    | exp . EQ exp
   20    | exp . NEQ exp
   21    | exp . LT exp
   22    | exp . LE exp
   23    | exp . GT exp
   24    | exp . GE exp
   25    | exp . AND exp
   26    | exp . OR exp
   36 lvalue: ID LBRACK exp . RBRACK

    RBRACK  shift, and go to state 89
    PLUS    shift, and go to state 36
    MINUS   shift, and go to state 37
    TIMES   shift, and go to state 38
    DIVIDE  shift, and go to state 39
    EQ      shift, and go to state 40
    NEQ     shift, and go to state 41
    LT      shift, and go to state 42
    LE      shift, and go to state 43
    GT      shift, and go to state 44
    GE      shift, and go to state 45
    AND     shift, and go to state 46
    OR      shift, and go to state 47


State 55

   69 rec_one: ID . EQ exp

    EQ  shift, and go to state 90


State 56

   11 exp: ID LBRACE rec . RBRACE

    RBRACE  shift, and go to state 91


State 57

   66 rec: rec_nonempty .

    $default  reduce using rule 66 (rec)


State 58

   67 rec_nonempty: rec_one .
   68             | rec_one . COMMA rec_nonempty

    COMMA  shift, and go to state 92

    $default  reduce using rule 67 (rec_nonempty)


State 59

   40 sequencing: exp SEMICOLON . exp
   41           | exp SEMICOLON . sequencing

    ID      shift, and go to state 1
    STRING  shift, and go to state 2
    INT     shift, and go to state 3
    LPAREN  shift, and go to state 4
    MINUS   shift, and go to state 5
    IF      shift, and go to state 6
    WHILE   shift, and go to state 7
    FOR     shift, and go to state 8
    LET     shift, and go to state 9
    BREAK   shift, and go to state 10
    NIL     shift, and go to state 11

    exp         go to state 93
    lvalue      go to state 14
    sequencing  go to state 94


State 60

    8 exp: LPAREN exp RPAREN .

    $default  reduce using rule 8 (exp)


State 61

    7 exp: LPAREN sequencing RPAREN .

    $default  reduce using rule 7 (exp)


State 62

   27 exp: IF exp THEN . exp ELSE exp
   28    | IF exp THEN . exp

    ID      shift, and go to state 1
    STRING  shift, and go to state 2
    INT     shift, and go to state 3
    LPAREN  shift, and go to state 4
    MINUS   shift, and go to state 5
    IF      shift, and go to state 6
    WHILE   shift, and go to state 7
    FOR     shift, and go to state 8
    LET     shift, and go to state 9
    BREAK   shift, and go to state 10
    NIL     shift, and go to state 11

    exp     go to state 95
    lvalue  go to state 14


State 63

   29 exp: WHILE exp DO . exp

    ID      shift, and go to state 1
    STRING  shift, and go to state 2
    INT     shift, and go to state 3
    LPAREN  shift, and go to state 4
    MINUS   shift, and go to state 5
    IF      shift, and go to state 6
    WHILE   shift, and go to state 7
    FOR     shift, and go to state 8
    LET     shift, and go to state 9
    BREAK   shift, and go to state 10
    NIL     shift, and go to state 11

    exp     go to state 96
    lvalue  go to state 14


State 64

   30 exp: FOR ID ASSIGN . exp TO exp DO exp

    ID      shift, and go to state 1
    STRING  shift, and go to state 2
    INT     shift, and go to state 3
    LPAREN  shift, and go to state 4
    MINUS   shift, and go to state 5
    IF      shift, and go to state 6
    WHILE   shift, and go to state 7
    FOR     shift, and go to state 8
    LET     shift, and go to state 9
    BREAK   shift, and go to state 10
    NIL     shift, and go to state 11

    exp     go to state 97
    lvalue  go to state 14


State 65

   63 fundec_one: FUNCTION ID . LPAREN tyfields RPAREN EQ exp
   64           | FUNCTION ID . LPAREN tyfields RPAREN COLON ID EQ exp

    LPAREN  shift, and go to state 98


State 66

   49 vardec: VAR ID . ASSIGN exp
   50       | VAR ID . COLON ID ASSIGN exp

    COLON   shift, and go to state 99
    ASSIGN  shift, and go to state 100


State 67

   53 tydec_one: TYPE ID . EQ ty

    EQ  shift, and go to state 101


State 68

   32 exp: LET decs IN . expseq END

    ID      shift, and go to state 1
    STRING  shift, and go to state 2
    INT     shift, and go to state 3
    LPAREN  shift, and go to state 4
    MINUS   shift, and go to state 5
    IF      shift, and go to state 6
    WHILE   shift, and go to state 7
    FOR     shift, and go to state 8
    LET     shift, and go to state 9
    BREAK   shift, and go to state 10
    NIL     shift, and go to state 11

    $default  reduce using rule 37 (expseq)

    exp         go to state 102
    lvalue      go to state 14
    expseq      go to state 103
    sequencing  go to state 104


State 69

   45 decs: dec decs .

    $default  reduce using rule 45 (decs)


State 70

   52 tydec: tydec_one tydec .

    $default  reduce using rule 52 (tydec)


State 71

   62 fundec: fundec_one fundec .

    $default  reduce using rule 62 (fundec)


State 72

   15 exp: exp . PLUS exp
   15    | exp PLUS exp .
   16    | exp . MINUS exp
   17    | exp . TIMES exp
   18    | exp . DIVIDE exp
   19    | exp . EQ exp
   20    | exp . NEQ exp
   21    | exp . LT exp
   22    | exp . LE exp
   23    | exp . GT exp
   24    | exp . GE exp
   25    | exp . AND exp
   26    | exp . OR exp

    TIMES   shift, and go to state 38
    DIVIDE  shift, and go to state 39

    $default  reduce using rule 15 (exp)


State 73

   15 exp: exp . PLUS exp
   16    | exp . MINUS exp
   16    | exp MINUS exp .
   17    | exp . TIMES exp
   18    | exp . DIVIDE exp
   19    | exp . EQ exp
   20    | exp . NEQ exp
   21    | exp . LT exp
   22    | exp . LE exp
   23    | exp . GT exp
   24    | exp . GE exp
   25    | exp . AND exp
   26    | exp . OR exp

    TIMES   shift, and go to state 38
    DIVIDE  shift, and go to state 39

    $default  reduce using rule 16 (exp)


State 74

   15 exp: exp . PLUS exp
   16    | exp . MINUS exp
   17    | exp . TIMES exp
   17    | exp TIMES exp .
   18    | exp . DIVIDE exp
   19    | exp . EQ exp
   20    | exp . NEQ exp
   21    | exp . LT exp
   22    | exp . LE exp
   23    | exp . GT exp
   24    | exp . GE exp
   25    | exp . AND exp
   26    | exp . OR exp

    $default  reduce using rule 17 (exp)


State 75

   15 exp: exp . PLUS exp
   16    | exp . MINUS exp
   17    | exp . TIMES exp
   18    | exp . DIVIDE exp
   18    | exp DIVIDE exp .
   19    | exp . EQ exp
   20    | exp . NEQ exp
   21    | exp . LT exp
   22    | exp . LE exp
   23    | exp . GT exp
   24    | exp . GE exp
   25    | exp . AND exp
   26    | exp . OR exp

    $default  reduce using rule 18 (exp)


State 76

   15 exp: exp . PLUS exp
   16    | exp . MINUS exp
   17    | exp . TIMES exp
   18    | exp . DIVIDE exp
   19    | exp . EQ exp
   19    | exp EQ exp .
   20    | exp . NEQ exp
   21    | exp . LT exp
   22    | exp . LE exp
   23    | exp . GT exp
   24    | exp . GE exp
   25    | exp . AND exp
   26    | exp . OR exp

    PLUS    shift, and go to state 36
    MINUS   shift, and go to state 37
    TIMES   shift, and go to state 38
    DIVIDE  shift, and go to state 39

    EQ   error (nonassociative)
    NEQ  error (nonassociative)
    LT   error (nonassociative)
    LE   error (nonassociative)
    GT   error (nonassociative)
    GE   error (nonassociative)

    $default  reduce using rule 19 (exp)


State 77

   15 exp: exp . PLUS exp
   16    | exp . MINUS exp
   17    | exp . TIMES exp
   18    | exp . DIVIDE exp
   19    | exp . EQ exp
   20    | exp . NEQ exp
   20    | exp NEQ exp .
   21    | exp . LT exp
   22    | exp . LE exp
   23    | exp . GT exp
   24    | exp . GE exp
   25    | exp . AND exp
   26    | exp . OR exp

    PLUS    shift, and go to state 36
    MINUS   shift, and go to state 37
    TIMES   shift, and go to state 38
    DIVIDE  shift, and go to state 39

    EQ   error (nonassociative)
    NEQ  error (nonassociative)
    LT   error (nonassociative)
    LE   error (nonassociative)
    GT   error (nonassociative)
    GE   error (nonassociative)

    $default  reduce using rule 20 (exp)


State 78

   15 exp: exp . PLUS exp
   16    | exp . MINUS exp
   17    | exp . TIMES exp
   18    | exp . DIVIDE exp
   19    | exp . EQ exp
   20    | exp . NEQ exp
   21    | exp . LT exp
   21    | exp LT exp .
   22    | exp . LE exp
   23    | exp . GT exp
   24    | exp . GE exp
   25    | exp . AND exp
   26    | exp . OR exp

    PLUS    shift, and go to state 36
    MINUS   shift, and go to state 37
    TIMES   shift, and go to state 38
    DIVIDE  shift, and go to state 39

    EQ   error (nonassociative)
    NEQ  error (nonassociative)
    LT   error (nonassociative)
    LE   error (nonassociative)
    GT   error (nonassociative)
    GE   error (nonassociative)

    $default  reduce using rule 21 (exp)


State 79

   15 exp: exp . PLUS exp
   16    | exp . MINUS exp
   17    | exp . TIMES exp
   18    | exp . DIVIDE exp
   19    | exp . EQ exp
   20    | exp . NEQ exp
   21    | exp . LT exp
   22    | exp . LE exp
   22    | exp LE exp .
   23    | exp . GT exp
   24    | exp . GE exp
   25    | exp . AND exp
   26    | exp . OR exp

    PLUS    shift, and go to state 36
    MINUS   shift, and go to state 37
    TIMES   shift, and go to state 38
    DIVIDE  shift, and go to state 39

    EQ   error (nonassociative)
    NEQ  error (nonassociative)
    LT   error (nonassociative)
    LE   error (nonassociative)
    GT   error (nonassociative)
    GE   error (nonassociative)

    $default  reduce using rule 22 (exp)


State 80

   15 exp: exp . PLUS exp
   16    | exp . MINUS exp
   17    | exp . TIMES exp
   18    | exp . DIVIDE exp
   19    | exp . EQ exp
   20    | exp . NEQ exp
   21    | exp . LT exp
   22    | exp . LE exp
   23    | exp . GT exp
   23    | exp GT exp .
   24    | exp . GE exp
   25    | exp . AND exp
   26    | exp . OR exp

    PLUS    shift, and go to state 36
    MINUS   shift, and go to state 37
    TIMES   shift, and go to state 38
    DIVIDE  shift, and go to state 39

    EQ   error (nonassociative)
    NEQ  error (nonassociative)
    LT   error (nonassociative)
    LE   error (nonassociative)
    GT   error (nonassociative)
    GE   error (nonassociative)

    $default  reduce using rule 23 (exp)


State 81

   15 exp: exp . PLUS exp
   16    | exp . MINUS exp
   17    | exp . TIMES exp
   18    | exp . DIVIDE exp
   19    | exp . EQ exp
   20    | exp . NEQ exp
   21    | exp . LT exp
   22    | exp . LE exp
   23    | exp . GT exp
   24    | exp . GE exp
   24    | exp GE exp .
   25    | exp . AND exp
   26    | exp . OR exp

    PLUS    shift, and go to state 36
    MINUS   shift, and go to state 37
    TIMES   shift, and go to state 38
    DIVIDE  shift, and go to state 39

    EQ   error (nonassociative)
    NEQ  error (nonassociative)
    LT   error (nonassociative)
    LE   error (nonassociative)
    GT   error (nonassociative)
    GE   error (nonassociative)

    $default  reduce using rule 24 (exp)


State 82

   15 exp: exp . PLUS exp
   16    | exp . MINUS exp
   17    | exp . TIMES exp
   18    | exp . DIVIDE exp
   19    | exp . EQ exp
   20    | exp . NEQ exp
   21    | exp . LT exp
   22    | exp . LE exp
   23    | exp . GT exp
   24    | exp . GE exp
   25    | exp . AND exp
   25    | exp AND exp .
   26    | exp . OR exp

    PLUS    shift, and go to state 36
    MINUS   shift, and go to state 37
    TIMES   shift, and go to state 38
    DIVIDE  shift, and go to state 39
    EQ      shift, and go to state 40
    NEQ     shift, and go to state 41
    LT      shift, and go to state 42
    LE      shift, and go to state 43
    GT      shift, and go to state 44
    GE      shift, and go to state 45

    $default  reduce using rule 25 (exp)


State 83

   15 exp: exp . PLUS exp
   16    | exp . MINUS exp
   17    | exp . TIMES exp
   18    | exp . DIVIDE exp
   19    | exp . EQ exp
   20    | exp . NEQ exp
   21    | exp . LT exp
   22    | exp . LE exp
   23    | exp . GT exp
   24    | exp . GE exp
   25    | exp . AND exp
   26    | exp . OR exp
   26    | exp OR exp .

    PLUS    shift, and go to state 36
    MINUS   shift, and go to state 37
    TIMES   shift, and go to state 38
    DIVIDE  shift, and go to state 39
    EQ      shift, and go to state 40
    NEQ     shift, and go to state 41
    LT      shift, and go to state 42
    LE      shift, and go to state 43
    GT      shift, and go to state 44
    GE      shift, and go to state 45
    AND     shift, and go to state 46

    $default  reduce using rule 26 (exp)


State 84

   15 exp: exp . PLUS exp
   16    | exp . MINUS exp
   17    | exp . TIMES exp
   18    | exp . DIVIDE exp
   19    | exp . EQ exp
   20    | exp . NEQ exp
   21    | exp . LT exp
   22    | exp . LE exp
   23    | exp . GT exp
   24    | exp . GE exp
   25    | exp . AND exp
   26    | exp . OR exp
   35 lvalue: lvalue LBRACK exp . RBRACK

    RBRACK  shift, and go to state 105
    PLUS    shift, and go to state 36
    MINUS   shift, and go to state 37
    TIMES   shift, and go to state 38
    DIVIDE  shift, and go to state 39
    EQ      shift, and go to state 40
    NEQ     shift, and go to state 41
    LT      shift, and go to state 42
    LE      shift, and go to state 43
    GT      shift, and go to state 44
    GE      shift, and go to state 45
    AND     shift, and go to state 46
    OR      shift, and go to state 47


State 85

   34 lvalue: lvalue DOT ID .

    $default  reduce using rule 34 (lvalue)


State 86

   13 exp: lvalue ASSIGN exp .
   15    | exp . PLUS exp
   16    | exp . MINUS exp
   17    | exp . TIMES exp
   18    | exp . DIVIDE exp
   19    | exp . EQ exp
   20    | exp . NEQ exp
   21    | exp . LT exp
   22    | exp . LE exp
   23    | exp . GT exp
   24    | exp . GE exp
   25    | exp . AND exp
   26    | exp . OR exp

    PLUS    shift, and go to state 36
    MINUS   shift, and go to state 37
    TIMES   shift, and go to state 38
    DIVIDE  shift, and go to state 39
    EQ      shift, and go to state 40
    NEQ     shift, and go to state 41
    LT      shift, and go to state 42
    LE      shift, and go to state 43
    GT      shift, and go to state 44
    GE      shift, and go to state 45
    AND     shift, and go to state 46
    OR      shift, and go to state 47

    $default  reduce using rule 13 (exp)


State 87

   43 actuals: exp COMMA . actuals

    ID      shift, and go to state 1
    STRING  shift, and go to state 2
    INT     shift, and go to state 3
    LPAREN  shift, and go to state 4
    MINUS   shift, and go to state 5
    IF      shift, and go to state 6
    WHILE   shift, and go to state 7
    FOR     shift, and go to state 8
    LET     shift, and go to state 9
    BREAK   shift, and go to state 10
    NIL     shift, and go to state 11

    exp      go to state 52
    lvalue   go to state 14
    actuals  go to state 106


State 88

    9 exp: ID LPAREN actuals RPAREN .

    $default  reduce using rule 9 (exp)


State 89

   12 exp: ID LBRACK exp RBRACK . OF exp
   36 lvalue: ID LBRACK exp RBRACK .

    OF  shift, and go to state 107

    $default  reduce using rule 36 (lvalue)


State 90

   69 rec_one: ID EQ . exp

    ID      shift, and go to state 1
    STRING  shift, and go to state 2
    INT     shift, and go to state 3
    LPAREN  shift, and go to state 4
    MINUS   shift, and go to state 5
    IF      shift, and go to state 6
    WHILE   shift, and go to state 7
    FOR     shift, and go to state 8
    LET     shift, and go to state 9
    BREAK   shift, and go to state 10
    NIL     shift, and go to state 11

    exp     go to state 108
    lvalue  go to state 14


State 91

   11 exp: ID LBRACE rec RBRACE .

    $default  reduce using rule 11 (exp)


State 92

   68 rec_nonempty: rec_one COMMA . rec_nonempty

    ID  shift, and go to state 55

    rec_nonempty  go to state 109
    rec_one       go to state 58


State 93

   15 exp: exp . PLUS exp
   16    | exp . MINUS exp
   17    | exp . TIMES exp
   18    | exp . DIVIDE exp
   19    | exp . EQ exp
   20    | exp . NEQ exp
   21    | exp . LT exp
   22    | exp . LE exp
   23    | exp . GT exp
   24    | exp . GE exp
   25    | exp . AND exp
   26    | exp . OR exp
   40 sequencing: exp . SEMICOLON exp
   40           | exp SEMICOLON exp .
   41           | exp . SEMICOLON sequencing

    SEMICOLON  shift, and go to state 59
    PLUS       shift, and go to state 36
    MINUS      shift, and go to state 37
    TIMES      shift, and go to state 38
    DIVIDE     shift, and go to state 39
    EQ         shift, and go to state 40
    NEQ        shift, and go to state 41
    LT         shift, and go to state 42
    LE         shift, and go to state 43
    GT         shift, and go to state 44
    GE         shift, and go to state 45
    AND        shift, and go to state 46
    OR         shift, and go to state 47

    $default  reduce using rule 40 (sequencing)


State 94

   41 sequencing: exp SEMICOLON sequencing .

    $default  reduce using rule 41 (sequencing)


State 95

   15 exp: exp . PLUS exp
   16    | exp . MINUS exp
   17    | exp . TIMES exp
   18    | exp . DIVIDE exp
   19    | exp . EQ exp
   20    | exp . NEQ exp
   21    | exp . LT exp
   22    | exp . LE exp
   23    | exp . GT exp
   24    | exp . GE exp
   25    | exp . AND exp
   26    | exp . OR exp
   27    | IF exp THEN exp . ELSE exp
   28    | IF exp THEN exp .

    PLUS    shift, and go to state 36
    MINUS   shift, and go to state 37
    TIMES   shift, and go to state 38
    DIVIDE  shift, and go to state 39
    EQ      shift, and go to state 40
    NEQ     shift, and go to state 41
    LT      shift, and go to state 42
    LE      shift, and go to state 43
    GT      shift, and go to state 44
    GE      shift, and go to state 45
    AND     shift, and go to state 46
    OR      shift, and go to state 47
    ELSE    shift, and go to state 110

    $default  reduce using rule 28 (exp)


State 96

   15 exp: exp . PLUS exp
   16    | exp . MINUS exp
   17    | exp . TIMES exp
   18    | exp . DIVIDE exp
   19    | exp . EQ exp
   20    | exp . NEQ exp
   21    | exp . LT exp
   22    | exp . LE exp
   23    | exp . GT exp
   24    | exp . GE exp
   25    | exp . AND exp
   26    | exp . OR exp
   29    | WHILE exp DO exp .

    PLUS    shift, and go to state 36
    MINUS   shift, and go to state 37
    TIMES   shift, and go to state 38
    DIVIDE  shift, and go to state 39
    EQ      shift, and go to state 40
    NEQ     shift, and go to state 41
    LT      shift, and go to state 42
    LE      shift, and go to state 43
    GT      shift, and go to state 44
    GE      shift, and go to state 45
    AND     shift, and go to state 46
    OR      shift, and go to state 47

    $default  reduce using rule 29 (exp)


State 97

   15 exp: exp . PLUS exp
   16    | exp . MINUS exp
   17    | exp . TIMES exp
   18    | exp . DIVIDE exp
   19    | exp . EQ exp
   20    | exp . NEQ exp
   21    | exp . LT exp
   22    | exp . LE exp
   23    | exp . GT exp
   24    | exp . GE exp
   25    | exp . AND exp
   26    | exp . OR exp
   30    | FOR ID ASSIGN exp . TO exp DO exp

    PLUS    shift, and go to state 36
    MINUS   shift, and go to state 37
    TIMES   shift, and go to state 38
    DIVIDE  shift, and go to state 39
    EQ      shift, and go to state 40
    NEQ     shift, and go to state 41
    LT      shift, and go to state 42
    LE      shift, and go to state 43
    GT      shift, and go to state 44
    GE      shift, and go to state 45
    AND     shift, and go to state 46
    OR      shift, and go to state 47
    TO      shift, and go to state 111


State 98

   63 fundec_one: FUNCTION ID LPAREN . tyfields RPAREN EQ exp
   64           | FUNCTION ID LPAREN . tyfields RPAREN COLON ID EQ exp

    ID  shift, and go to state 112

    $default  reduce using rule 57 (tyfields)

    tyfields           go to state 113
    tyfields_nonempty  go to state 114


State 99

   50 vardec: VAR ID COLON . ID ASSIGN exp

    ID  shift, and go to state 115


State 100

   49 vardec: VAR ID ASSIGN . exp

    ID      shift, and go to state 1
    STRING  shift, and go to state 2
    INT     shift, and go to state 3
    LPAREN  shift, and go to state 4
    MINUS   shift, and go to state 5
    IF      shift, and go to state 6
    WHILE   shift, and go to state 7
    FOR     shift, and go to state 8
    LET     shift, and go to state 9
    BREAK   shift, and go to state 10
    NIL     shift, and go to state 11

    exp     go to state 116
    lvalue  go to state 14


State 101

   53 tydec_one: TYPE ID EQ . ty

    ID      shift, and go to state 117
    LBRACE  shift, and go to state 118
    ARRAY   shift, and go to state 119

    ty  go to state 120


State 102

   15 exp: exp . PLUS exp
   16    | exp . MINUS exp
   17    | exp . TIMES exp
   18    | exp . DIVIDE exp
   19    | exp . EQ exp
   20    | exp . NEQ exp
   21    | exp . LT exp
   22    | exp . LE exp
   23    | exp . GT exp
   24    | exp . GE exp
   25    | exp . AND exp
   26    | exp . OR exp
   38 expseq: exp .
   40 sequencing: exp . SEMICOLON exp
   41           | exp . SEMICOLON sequencing

    SEMICOLON  shift, and go to state 59
    PLUS       shift, and go to state 36
    MINUS      shift, and go to state 37
    TIMES      shift, and go to state 38
    DIVIDE     shift, and go to state 39
    EQ         shift, and go to state 40
    NEQ        shift, and go to state 41
    LT         shift, and go to state 42
    LE         shift, and go to state 43
    GT         shift, and go to state 44
    GE         shift, and go to state 45
    AND        shift, and go to state 46
    OR         shift, and go to state 47

    $default  reduce using rule 38 (expseq)


State 103

   32 exp: LET decs IN expseq . END

    END  shift, and go to state 121


State 104

   39 expseq: sequencing .

    $default  reduce using rule 39 (expseq)


State 105

   35 lvalue: lvalue LBRACK exp RBRACK .

    $default  reduce using rule 35 (lvalue)


State 106

   43 actuals: exp COMMA actuals .

    $default  reduce using rule 43 (actuals)


State 107

   12 exp: ID LBRACK exp RBRACK OF . exp

    ID      shift, and go to state 1
    STRING  shift, and go to state 2
    INT     shift, and go to state 3
    LPAREN  shift, and go to state 4
    MINUS   shift, and go to state 5
    IF      shift, and go to state 6
    WHILE   shift, and go to state 7
    FOR     shift, and go to state 8
    LET     shift, and go to state 9
    BREAK   shift, and go to state 10
    NIL     shift, and go to state 11

    exp     go to state 122
    lvalue  go to state 14


State 108

   15 exp: exp . PLUS exp
   16    | exp . MINUS exp
   17    | exp . TIMES exp
   18    | exp . DIVIDE exp
   19    | exp . EQ exp
   20    | exp . NEQ exp
   21    | exp . LT exp
   22    | exp . LE exp
   23    | exp . GT exp
   24    | exp . GE exp
   25    | exp . AND exp
   26    | exp . OR exp
   69 rec_one: ID EQ exp .

    PLUS    shift, and go to state 36
    MINUS   shift, and go to state 37
    TIMES   shift, and go to state 38
    DIVIDE  shift, and go to state 39
    EQ      shift, and go to state 40
    NEQ     shift, and go to state 41
    LT      shift, and go to state 42
    LE      shift, and go to state 43
    GT      shift, and go to state 44
    GE      shift, and go to state 45
    AND     shift, and go to state 46
    OR      shift, and go to state 47

    $default  reduce using rule 69 (rec_one)


State 109

   68 rec_nonempty: rec_one COMMA rec_nonempty .

    $default  reduce using rule 68 (rec_nonempty)


State 110

   27 exp: IF exp THEN exp ELSE . exp

    ID      shift, and go to state 1
    STRING  shift, and go to state 2
    INT     shift, and go to state 3
    LPAREN  shift, and go to state 4
    MINUS   shift, and go to state 5
    IF      shift, and go to state 6
    WHILE   shift, and go to state 7
    FOR     shift, and go to state 8
    LET     shift, and go to state 9
    BREAK   shift, and go to state 10
    NIL     shift, and go to state 11

    exp     go to state 123
    lvalue  go to state 14


State 111

   30 exp: FOR ID ASSIGN exp TO . exp DO exp

    ID      shift, and go to state 1
    STRING  shift, and go to state 2
    INT     shift, and go to state 3
    LPAREN  shift, and go to state 4
    MINUS   shift, and go to state 5
    IF      shift, and go to state 6
    WHILE   shift, and go to state 7
    FOR     shift, and go to state 8
    LET     shift, and go to state 9
    BREAK   shift, and go to state 10
    NIL     shift, and go to state 11

    exp     go to state 124
    lvalue  go to state 14


State 112

   59 tyfields_nonempty: ID . COLON ID
   60                  | ID . COLON ID COMMA tyfields_nonempty

    COLON  shift, and go to state 125


State 113

   63 fundec_one: FUNCTION ID LPAREN tyfields . RPAREN EQ exp
   64           | FUNCTION ID LPAREN tyfields . RPAREN COLON ID EQ exp

    RPAREN  shift, and go to state 126


State 114

   58 tyfields: tyfields_nonempty .

    $default  reduce using rule 58 (tyfields)


State 115

   50 vardec: VAR ID COLON ID . ASSIGN exp

    ASSIGN  shift, and go to state 127


State 116

   15 exp: exp . PLUS exp
   16    | exp . MINUS exp
   17    | exp . TIMES exp
   18    | exp . DIVIDE exp
   19    | exp . EQ exp
   20    | exp . NEQ exp
   21    | exp . LT exp
   22    | exp . LE exp
   23    | exp . GT exp
   24    | exp . GE exp
   25    | exp . AND exp
   26    | exp . OR exp
   49 vardec: VAR ID ASSIGN exp .

    PLUS    shift, and go to state 36
    MINUS   shift, and go to state 37
    TIMES   shift, and go to state 38
    DIVIDE  shift, and go to state 39
    EQ      shift, and go to state 40
    NEQ     shift, and go to state 41
    LT      shift, and go to state 42
    LE      shift, and go to state 43
    GT      shift, and go to state 44
    GE      shift, and go to state 45
    AND     shift, and go to state 46
    OR      shift, and go to state 47

    $default  reduce using rule 49 (vardec)


State 117

   54 ty: ID .

    $default  reduce using rule 54 (ty)


State 118

   55 ty: LBRACE . tyfields RBRACE

    ID  shift, and go to state 112

    $default  reduce using rule 57 (tyfields)

    tyfields           go to state 128
    tyfields_nonempty  go to state 114


State 119

   56 ty: ARRAY . OF ID

    OF  shift, and go to state 129


State 120

   53 tydec_one: TYPE ID EQ ty .

    $default  reduce using rule 53 (tydec_one)


State 121

   32 exp: LET decs IN expseq END .

    $default  reduce using rule 32 (exp)


State 122

   12 exp: ID LBRACK exp RBRACK OF exp .
   15    | exp . PLUS exp
   16    | exp . MINUS exp
   17    | exp . TIMES exp
   18    | exp . DIVIDE exp
   19    | exp . EQ exp
   20    | exp . NEQ exp
   21    | exp . LT exp
   22    | exp . LE exp
   23    | exp . GT exp
   24    | exp . GE exp
   25    | exp . AND exp
   26    | exp . OR exp

    PLUS    shift, and go to state 36
    MINUS   shift, and go to state 37
    TIMES   shift, and go to state 38
    DIVIDE  shift, and go to state 39
    EQ      shift, and go to state 40
    NEQ     shift, and go to state 41
    LT      shift, and go to state 42
    LE      shift, and go to state 43
    GT      shift, and go to state 44
    GE      shift, and go to state 45
    AND     shift, and go to state 46
    OR      shift, and go to state 47

    $default  reduce using rule 12 (exp)


State 123

   15 exp: exp . PLUS exp
   16    | exp . MINUS exp
   17    | exp . TIMES exp
   18    | exp . DIVIDE exp
   19    | exp . EQ exp
   20    | exp . NEQ exp
   21    | exp . LT exp
   22    | exp . LE exp
   23    | exp . GT exp
   24    | exp . GE exp
   25    | exp . AND exp
   26    | exp . OR exp
   27    | IF exp THEN exp ELSE exp .

    PLUS    shift, and go to state 36
    MINUS   shift, and go to state 37
    TIMES   shift, and go to state 38
    DIVIDE  shift, and go to state 39
    EQ      shift, and go to state 40
    NEQ     shift, and go to state 41
    LT      shift, and go to state 42
    LE      shift, and go to state 43
    GT      shift, and go to state 44
    GE      shift, and go to state 45
    AND     shift, and go to state 46
    OR      shift, and go to state 47

    $default  reduce using rule 27 (exp)


State 124

   15 exp: exp . PLUS exp
   16    | exp . MINUS exp
   17    | exp . TIMES exp
   18    | exp . DIVIDE exp
   19    | exp . EQ exp
   20    | exp . NEQ exp
   21    | exp . LT exp
   22    | exp . LE exp
   23    | exp . GT exp
   24    | exp . GE exp
   25    | exp . AND exp
   26    | exp . OR exp
   30    | FOR ID ASSIGN exp TO exp . DO exp

    PLUS    shift, and go to state 36
    MINUS   shift, and go to state 37
    TIMES   shift, and go to state 38
    DIVIDE  shift, and go to state 39
    EQ      shift, and go to state 40
    NEQ     shift, and go to state 41
    LT      shift, and go to state 42
    LE      shift, and go to state 43
    GT      shift, and go to state 44
    GE      shift, and go to state 45
    AND     shift, and go to state 46
    OR      shift, and go to state 47
    DO      shift, and go to state 130


State 125

   59 tyfields_nonempty: ID COLON . ID
   60                  | ID COLON . ID COMMA tyfields_nonempty

    ID  shift, and go to state 131


State 126

   63 fundec_one: FUNCTION ID LPAREN tyfields RPAREN . EQ exp
   64           | FUNCTION ID LPAREN tyfields RPAREN . COLON ID EQ exp

    COLON  shift, and go to state 132
    EQ     shift, and go to state 133


State 127

   50 vardec: VAR ID COLON ID ASSIGN . exp

    ID      shift, and go to state 1
    STRING  shift, and go to state 2
    INT     shift, and go to state 3
    LPAREN  shift, and go to state 4
    MINUS   shift, and go to state 5
    IF      shift, and go to state 6
    WHILE   shift, and go to state 7
    FOR     shift, and go to state 8
    LET     shift, and go to state 9
    BREAK   shift, and go to state 10
    NIL     shift, and go to state 11

    exp     go to state 134
    lvalue  go to state 14


State 128

   55 ty: LBRACE tyfields . RBRACE

    RBRACE  shift, and go to state 135


State 129

   56 ty: ARRAY OF . ID

    ID  shift, and go to state 136


State 130

   30 exp: FOR ID ASSIGN exp TO exp DO . exp

    ID      shift, and go to state 1
    STRING  shift, and go to state 2
    INT     shift, and go to state 3
    LPAREN  shift, and go to state 4
    MINUS   shift, and go to state 5
    IF      shift, and go to state 6
    WHILE   shift, and go to state 7
    FOR     shift, and go to state 8
    LET     shift, and go to state 9
    BREAK   shift, and go to state 10
    NIL     shift, and go to state 11

    exp     go to state 137
    lvalue  go to state 14


State 131

   59 tyfields_nonempty: ID COLON ID .
   60                  | ID COLON ID . COMMA tyfields_nonempty

    COMMA  shift, and go to state 138

    $default  reduce using rule 59 (tyfields_nonempty)


State 132

   64 fundec_one: FUNCTION ID LPAREN tyfields RPAREN COLON . ID EQ exp

    ID  shift, and go to state 139


State 133

   63 fundec_one: FUNCTION ID LPAREN tyfields RPAREN EQ . exp

    ID      shift, and go to state 1
    STRING  shift, and go to state 2
    INT     shift, and go to state 3
    LPAREN  shift, and go to state 4
    MINUS   shift, and go to state 5
    IF      shift, and go to state 6
    WHILE   shift, and go to state 7
    FOR     shift, and go to state 8
    LET     shift, and go to state 9
    BREAK   shift, and go to state 10
    NIL     shift, and go to state 11

    exp     go to state 140
    lvalue  go to state 14


State 134

   15 exp: exp . PLUS exp
   16    | exp . MINUS exp
   17    | exp . TIMES exp
   18    | exp . DIVIDE exp
   19    | exp . EQ exp
   20    | exp . NEQ exp
   21    | exp . LT exp
   22    | exp . LE exp
   23    | exp . GT exp
   24    | exp . GE exp
   25    | exp . AND exp
   26    | exp . OR exp
   50 vardec: VAR ID COLON ID ASSIGN exp .

    PLUS    shift, and go to state 36
    MINUS   shift, and go to state 37
    TIMES   shift, and go to state 38
    DIVIDE  shift, and go to state 39
    EQ      shift, and go to state 40
    NEQ     shift, and go to state 41
    LT      shift, and go to state 42
    LE      shift, and go to state 43
    GT      shift, and go to state 44
    GE      shift, and go to state 45
    AND     shift, and go to state 46
    OR      shift, and go to state 47

    $default  reduce using rule 50 (vardec)


State 135

   55 ty: LBRACE tyfields RBRACE .

    $default  reduce using rule 55 (ty)


State 136

   56 ty: ARRAY OF ID .

    $default  reduce using rule 56 (ty)


State 137

   15 exp: exp . PLUS exp
   16    | exp . MINUS exp
   17    | exp . TIMES exp
   18    | exp . DIVIDE exp
   19    | exp . EQ exp
   20    | exp . NEQ exp
   21    | exp . LT exp
   22    | exp . LE exp
   23    | exp . GT exp
   24    | exp . GE exp
   25    | exp . AND exp
   26    | exp . OR exp
   30    | FOR ID ASSIGN exp TO exp DO exp .

    PLUS    shift, and go to state 36
    MINUS   shift, and go to state 37
    TIMES   shift, and go to state 38
    DIVIDE  shift, and go to state 39
    EQ      shift, and go to state 40
    NEQ     shift, and go to state 41
    LT      shift, and go to state 42
    LE      shift, and go to state 43
    GT      shift, and go to state 44
    GE      shift, and go to state 45
    AND     shift, and go to state 46
    OR      shift, and go to state 47

    $default  reduce using rule 30 (exp)


State 138

   60 tyfields_nonempty: ID COLON ID COMMA . tyfields_nonempty

    ID  shift, and go to state 112

    tyfields_nonempty  go to state 141


State 139

   64 fundec_one: FUNCTION ID LPAREN tyfields RPAREN COLON ID . EQ exp

    EQ  shift, and go to state 142


State 140

   15 exp: exp . PLUS exp
   16    | exp . MINUS exp
   17    | exp . TIMES exp
   18    | exp . DIVIDE exp
   19    | exp . EQ exp
   20    | exp . NEQ exp
   21    | exp . LT exp
   22    | exp . LE exp
   23    | exp . GT exp
   24    | exp . GE exp
   25    | exp . AND exp
   26    | exp . OR exp
   63 fundec_one: FUNCTION ID LPAREN tyfields RPAREN EQ exp .

    PLUS    shift, and go to state 36
    MINUS   shift, and go to state 37
    TIMES   shift, and go to state 38
    DIVIDE  shift, and go to state 39
    EQ      shift, and go to state 40
    NEQ     shift, and go to state 41
    LT      shift, and go to state 42
    LE      shift, and go to state 43
    GT      shift, and go to state 44
    GE      shift, and go to state 45
    AND     shift, and go to state 46
    OR      shift, and go to state 47

    $default  reduce using rule 63 (fundec_one)


State 141

   60 tyfields_nonempty: ID COLON ID COMMA tyfields_nonempty .

    $default  reduce using rule 60 (tyfields_nonempty)


State 142

   64 fundec_one: FUNCTION ID LPAREN tyfields RPAREN COLON ID EQ . exp

    ID      shift, and go to state 1
    STRING  shift, and go to state 2
    INT     shift, and go to state 3
    LPAREN  shift, and go to state 4
    MINUS   shift, and go to state 5
    IF      shift, and go to state 6
    WHILE   shift, and go to state 7
    FOR     shift, and go to state 8
    LET     shift, and go to state 9
    BREAK   shift, and go to state 10
    NIL     shift, and go to state 11

    exp     go to state 143
    lvalue  go to state 14


State 143

   15 exp: exp . PLUS exp
   16    | exp . MINUS exp
   17    | exp . TIMES exp
   18    | exp . DIVIDE exp
   19    | exp . EQ exp
   20    | exp . NEQ exp
   21    | exp . LT exp
   22    | exp . LE exp
   23    | exp . GT exp
   24    | exp . GE exp
   25    | exp . AND exp
   26    | exp . OR exp
   64 fundec_one: FUNCTION ID LPAREN tyfields RPAREN COLON ID EQ exp .

    PLUS    shift, and go to state 36
    MINUS   shift, and go to state 37
    TIMES   shift, and go to state 38
    DIVIDE  shift, and go to state 39
    EQ      shift, and go to state 40
    NEQ     shift, and go to state 41
    LT      shift, and go to state 42
    LE      shift, and go to state 43
    GT      shift, and go to state 44
    GE      shift, and go to state 45
    AND     shift, and go to state 46
    OR      shift, and go to state 47

    $default  reduce using rule 64 (fundec_one)
